[0414/144048.719:ERROR:process_reader_win.cc(151)] SuspendThread: Access is denied. (0x5)
[0414/144049.058:ERROR:process_reader_win.cc(151)] SuspendThread: Access is denied. (0x5)
[0414/144049.058:ERROR:process_reader_win.cc(151)] SuspendThread: Access is denied. (0x5)
[0414/144049.058:ERROR:process_reader_win.cc(151)] SuspendThread: Access is denied. (0x5)
[0414/144049.058:ERROR:process_reader_win.cc(151)] SuspendThread: Access is denied. (0x5)
[0414/144049.058:ERROR:process_reader_win.cc(151)] SuspendThread: Access is denied. (0x5)
[0414/144049.058:ERROR:process_reader_win.cc(151)] SuspendThread: Access is denied. (0x5)
[0414/144049.058:ERROR:process_reader_win.cc(151)] SuspendThread: Access is denied. (0x5)
[0414/144049.058:ERROR:process_reader_win.cc(151)] SuspendThread: Access is denied. (0x5)
[0414/144048.753:ERROR:process_reader_win.cc(151)] SuspendThread: Access is denied. (0x5)
[0414/144048.744:ERROR:process_reader_win.cc(151)] SuspendThread: Access is denied. (0x5)
[0414/144049.060:ERROR:process_reader_win.cc(123)] NtOpenThread: {Access Denied} A process has requested access to an object, but has not been granted those access rights. (0xc0000022)
[0414/144048.977:ERROR:process_reader_win.cc(151)] SuspendThread: Access is denied. (0x5)
[0414/144048.976:ERROR:process_reader_win.cc(151)] SuspendThread: Access is denied. (0x5)
[0414/144049.033:ERROR:process_reader_win.cc(151)] SuspendThread: Access is denied. (0x5)
[0414/144049.043:ERROR:process_reader_win.cc(151)] SuspendThread: Access is denied. (0x5)
[0414/144048.978:ERROR:process_reader_win.cc(151)] SuspendThread: Access is denied. (0x5)
[0414/144048.985:ERROR:process_reader_win.cc(151)] SuspendThread: Access is denied. (0x5)
[0414/144048.724:ERROR:process_reader_win.cc(151)] SuspendThread: Access is denied. (0x5)
[0414/144048.999:ERROR:process_reader_win.cc(151)] SuspendThread: Access is denied. (0x5)
[0414/144048.974:ERROR:process_reader_win.cc(151)] SuspendThread: Access is denied. (0x5)
[0414/144048.738:ERROR:process_reader_win.cc(151)] SuspendThread: Access is denied. (0x5)
[0414/144048.804:ERROR:process_reader_win.cc(151)] SuspendThread: Access is denied. (0x5)
[0414/144048.765:ERROR:process_reader_win.cc(151)] SuspendThread: Access is denied. (0x5)
[0414/144049.052:ERROR:process_reader_win.cc(151)] SuspendThread: Access is denied. (0x5)
[0414/144048.750:ERROR:process_reader_win.cc(151)] SuspendThread: Access is denied. (0x5)
[0414/144048.818:ERROR:process_reader_win.cc(151)] SuspendThread: Access is denied. (0x5)
[0414/144048.969:ERROR:process_reader_win.cc(151)] SuspendThread: Access is denied. (0x5)
[0414/144049.047:ERROR:process_reader_win.cc(151)] SuspendThread: Access is denied. (0x5)
[0414/144048.825:ERROR:process_reader_win.cc(151)] SuspendThread: Access is denied. (0x5)
[0414/144049.064:ERROR:process_reader_win.cc(151)] SuspendThread: Access is denied. (0x5)
[0414/144049.064:ERROR:process_reader_win.cc(151)] SuspendThread: Access is denied. (0x5)
[0414/144049.064:ERROR:process_reader_win.cc(151)] SuspendThread: Access is denied. (0x5)
[0414/144049.063:ERROR:process_reader_win.cc(151)] SuspendThread: Access is denied. (0x5)
[0414/144049.064:ERROR:process_reader_win.cc(151)] SuspendThread: Access is denied. (0x5)
[0414/144049.064:ERROR:process_reader_win.cc(151)] SuspendThread: Access is denied. (0x5)
[0414/144049.063:ERROR:exception_snapshot_win.cc(98)] thread ID 34652 not found in process
[0414/144049.063:ERROR:process_reader_win.cc(151)] SuspendThread: Access is denied. (0x5)
[0414/144049.063:ERROR:process_reader_win.cc(151)] SuspendThread: Access is denied. (0x5)
[0414/144049.063:ERROR:process_reader_win.cc(151)] SuspendThread: Access is denied. (0x5)
[0414/144049.064:ERROR:process_reader_win.cc(151)] SuspendThread: Access is denied. (0x5)
[0414/144049.064:ERROR:process_reader_win.cc(151)] SuspendThread: Access is denied. (0x5)
[0414/144049.064:ERROR:process_reader_win.cc(151)] SuspendThread: Access is denied. (0x5)
[0414/144049.064:ERROR:process_reader_win.cc(151)] SuspendThread: Access is denied. (0x5)
[0414/144049.216:ERROR:process_reader_win.cc(123)] NtOpenThread: An invalid Client ID was specified. (0xc000000b)
[0414/144049.247:ERROR:process_reader_win.cc(151)] SuspendThread: Access is denied. (0x5)
[0414/144049.289:ERROR:process_reader_win.cc(151)] SuspendThread: Access is denied. (0x5)
[0414/144049.261:ERROR:process_reader_win.cc(151)] SuspendThread: Access is denied. (0x5)
[0414/144049.304:ERROR:process_reader_win.cc(151)] SuspendThread: Access is denied. (0x5)
[0414/144049.214:ERROR:process_reader_win.cc(123)] NtOpenThread: {Access Denied} A process has requested access to an object, but has not been granted those access rights. (0xc0000022)
[0414/144049.304:ERROR:process_reader_win.cc(151)] SuspendThread: Access is denied. (0x5)
[0414/144049.304:ERROR:process_reader_win.cc(151)] SuspendThread: Access is denied. (0x5)
[0414/144049.262:ERROR:process_reader_win.cc(123)] NtOpenThread: {Access Denied} A process has requested access to an object, but has not been granted those access rights. (0xc0000022)
[0414/144049.304:ERROR:exception_snapshot_win.cc(98)] thread ID 24692 not found in process
[0414/144049.129:ERROR:process_reader_win.cc(151)] SuspendThread: Access is denied. (0x5)
[0414/144049.304:ERROR:process_reader_win.cc(151)] SuspendThread: Access is denied. (0x5)
[0414/144049.304:ERROR:process_reader_win.cc(151)] SuspendThread: Access is denied. (0x5)
[0414/144049.304:ERROR:process_reader_win.cc(151)] SuspendThread: Access is denied. (0x5)
[0414/144049.304:ERROR:exception_snapshot_win.cc(98)] thread ID 35588 not found in process
[0414/144049.303:ERROR:process_reader_win.cc(151)] SuspendThread: Access is denied. (0x5)
[0414/144049.304:ERROR:process_reader_win.cc(123)] NtOpenThread: {Access Denied} A process has requested access to an object, but has not been granted those access rights. (0xc0000022)
[0414/144049.304:ERROR:exception_snapshot_win.cc(98)] thread ID 34568 not found in process
[0414/144049.304:ERROR:process_reader_win.cc(151)] SuspendThread: Access is denied. (0x5)
[0414/144049.304:ERROR:process_reader_win.cc(151)] SuspendThread: Access is denied. (0x5)
[0414/144049.304:ERROR:process_reader_win.cc(151)] SuspendThread: Access is denied. (0x5)
[0414/144049.305:ERROR:process_reader_win.cc(151)] SuspendThread: Access is denied. (0x5)
[0414/144049.304:ERROR:process_reader_win.cc(151)] SuspendThread: Access is denied. (0x5)
[0414/144049.305:ERROR:process_reader_win.cc(151)] SuspendThread: Access is denied. (0x5)
[0414/144049.305:ERROR:process_reader_win.cc(151)] SuspendThread: Access is denied. (0x5)
[0414/144049.064:ERROR:process_reader_win.cc(151)] SuspendThread: Access is denied. (0x5)
[0414/144049.296:ERROR:process_reader_win.cc(151)] SuspendThread: Access is denied. (0x5)
[0414/144049.304:ERROR:process_reader_win.cc(151)] SuspendThread: Access is denied. (0x5)
[0414/144049.305:ERROR:process_reader_win.cc(151)] SuspendThread: Access is denied. (0x5)
[0414/144049.305:ERROR:process_reader_win.cc(151)] SuspendThread: Access is denied. (0x5)
[0414/144049.304:ERROR:process_reader_win.cc(123)] NtOpenThread: {Access Denied} A process has requested access to an object, but has not been granted those access rights. (0xc0000022)
[0414/144049.064:ERROR:process_reader_win.cc(151)] SuspendThread: Access is denied. (0x5)
[0414/144049.305:ERROR:process_reader_win.cc(151)] SuspendThread: Access is denied. (0x5)
[0414/144049.305:ERROR:exception_snapshot_win.cc(98)] thread ID 34044 not found in process
[0414/144049.305:ERROR:process_reader_win.cc(151)] SuspendThread: Access is denied. (0x5)
[0414/144049.305:ERROR:process_reader_win.cc(151)] SuspendThread: Access is denied. (0x5)
[0414/144049.280:ERROR:process_reader_win.cc(151)] SuspendThread: Access is denied. (0x5)
[0414/144048.834:ERROR:process_reader_win.cc(151)] SuspendThread: Access is denied. (0x5)
[0414/144049.305:ERROR:process_reader_win.cc(151)] SuspendThread: Access is denied. (0x5)
[0414/144049.305:ERROR:process_reader_win.cc(151)] SuspendThread: Access is denied. (0x5)
[0414/144049.305:ERROR:process_reader_win.cc(151)] SuspendThread: Access is denied. (0x5)
[0414/144049.305:ERROR:process_reader_win.cc(151)] SuspendThread: Access is denied. (0x5)
[0414/144049.305:ERROR:process_reader_win.cc(151)] SuspendThread: Access is denied. (0x5)
[0414/144049.303:ERROR:process_reader_win.cc(151)] SuspendThread: Access is denied. (0x5)
[0414/144049.064:ERROR:process_reader_win.cc(151)] SuspendThread: Access is denied. (0x5)
[0414/144049.064:ERROR:process_reader_win.cc(151)] SuspendThread: Access is denied. (0x5)
[0414/144049.305:ERROR:process_reader_win.cc(151)] SuspendThread: Access is denied. (0x5)
[0414/144049.305:ERROR:process_reader_win.cc(151)] SuspendThread: Access is denied. (0x5)
[0414/144049.305:ERROR:process_reader_win.cc(151)] SuspendThread: Access is denied. (0x5)
[0414/144049.305:ERROR:process_reader_win.cc(123)] NtOpenThread: {Access Denied} A process has requested access to an object, but has not been granted those access rights. (0xc0000022)
[0414/144049.305:ERROR:process_reader_win.cc(151)] SuspendThread: Access is denied. (0x5)
[0414/144049.305:ERROR:process_reader_win.cc(151)] SuspendThread: Access is denied. (0x5)
[0414/144049.305:ERROR:process_reader_win.cc(151)] SuspendThread: Access is denied. (0x5)
[0414/144049.305:ERROR:process_reader_win.cc(123)] NtOpenThread: {Access Denied} A process has requested access to an object, but has not been granted those access rights. (0xc0000022)
[0414/144049.305:ERROR:process_reader_win.cc(151)] SuspendThread: Access is denied. (0x5)
[0414/144049.305:ERROR:exception_snapshot_win.cc(98)] thread ID 7516 not found in process
[0414/144049.305:ERROR:process_reader_win.cc(151)] SuspendThread: Access is denied. (0x5)
[0414/144049.303:ERROR:process_reader_win.cc(151)] SuspendThread: Access is denied. (0x5)
[0414/144049.305:ERROR:process_reader_win.cc(151)] SuspendThread: Access is denied. (0x5)
[0414/144049.303:ERROR:process_reader_win.cc(151)] SuspendThread: Access is denied. (0x5)
[0414/144049.305:ERROR:process_reader_win.cc(151)] SuspendThread: Access is denied. (0x5)
[0414/144049.305:ERROR:process_reader_win.cc(151)] SuspendThread: Access is denied. (0x5)
[0414/144049.305:ERROR:process_reader_win.cc(151)] SuspendThread: Access is denied. (0x5)
[0414/144049.305:ERROR:process_reader_win.cc(151)] SuspendThread: Access is denied. (0x5)
[0414/144049.305:ERROR:process_reader_win.cc(151)] SuspendThread: Access is denied. (0x5)
[0414/144049.305:ERROR:exception_snapshot_win.cc(98)] thread ID 29480 not found in process
[0414/144049.305:ERROR:process_reader_win.cc(151)] SuspendThread: Access is denied. (0x5)
[0414/144049.305:ERROR:process_reader_win.cc(151)] SuspendThread: Access is denied. (0x5)
[0414/144049.306:ERROR:process_reader_win.cc(151)] SuspendThread: Access is denied. (0x5)
[0414/144049.306:ERROR:process_reader_win.cc(151)] SuspendThread: Access is denied. (0x5)
[0414/144049.306:ERROR:process_reader_win.cc(151)] SuspendThread: Access is denied. (0x5)
[0414/144049.306:ERROR:process_reader_win.cc(151)] SuspendThread: Access is denied. (0x5)
[0414/144049.306:ERROR:process_reader_win.cc(151)] SuspendThread: Access is denied. (0x5)
[0414/144049.306:ERROR:process_reader_win.cc(151)] SuspendThread: Access is denied. (0x5)
[0414/144049.306:ERROR:process_reader_win.cc(151)] SuspendThread: Access is denied. (0x5)
[0414/144049.306:ERROR:process_reader_win.cc(151)] SuspendThread: Access is denied. (0x5)
[0414/144049.306:ERROR:process_reader_win.cc(151)] SuspendThread: Access is denied. (0x5)
[0414/144049.306:ERROR:process_reader_win.cc(123)] NtOpenThread: {Access Denied} A process has requested access to an object, but has not been granted those access rights. (0xc0000022)
[0414/144049.306:ERROR:process_reader_win.cc(151)] SuspendThread: Access is denied. (0x5)
[0414/144049.306:ERROR:process_reader_win.cc(151)] SuspendThread: Access is denied. (0x5)
[0414/144049.306:ERROR:process_reader_win.cc(151)] SuspendThread: Access is denied. (0x5)
[0414/144049.306:ERROR:process_reader_win.cc(151)] SuspendThread: Access is denied. (0x5)
[0414/144049.306:ERROR:process_reader_win.cc(151)] SuspendThread: Access is denied. (0x5)
[0414/144049.306:ERROR:process_reader_win.cc(123)] NtOpenThread: {Access Denied} A process has requested access to an object, but has not been granted those access rights. (0xc0000022)
[0414/144049.306:ERROR:process_reader_win.cc(151)] SuspendThread: Access is denied. (0x5)
[0414/144049.304:ERROR:process_reader_win.cc(151)] SuspendThread: Access is denied. (0x5)
[0414/144049.306:ERROR:process_reader_win.cc(151)] SuspendThread: Access is denied. (0x5)
[0414/144049.306:ERROR:process_reader_win.cc(151)] SuspendThread: Access is denied. (0x5)
[0414/144049.306:ERROR:process_reader_win.cc(151)] SuspendThread: Access is denied. (0x5)
[0414/144049.306:ERROR:process_reader_win.cc(151)] SuspendThread: Access is denied. (0x5)
[0414/144049.306:ERROR:process_reader_win.cc(151)] SuspendThread: Access is denied. (0x5)
[0414/144049.306:ERROR:exception_snapshot_win.cc(98)] thread ID 29492 not found in process
[0414/144049.306:ERROR:process_reader_win.cc(151)] SuspendThread: Access is denied. (0x5)
[0414/144049.306:ERROR:process_reader_win.cc(151)] SuspendThread: Access is denied. (0x5)
[0414/144049.306:ERROR:process_reader_win.cc(123)] NtOpenThread: {Access Denied} A process has requested access to an object, but has not been granted those access rights. (0xc0000022)
[0414/144049.306:ERROR:process_reader_win.cc(151)] SuspendThread: Access is denied. (0x5)
[0414/144049.306:ERROR:process_reader_win.cc(151)] SuspendThread: Access is denied. (0x5)
[0414/144049.306:ERROR:process_reader_win.cc(151)] SuspendThread: Access is denied. (0x5)
[0414/144049.305:ERROR:process_reader_win.cc(123)] NtOpenThread: {Access Denied} A process has requested access to an object, but has not been granted those access rights. (0xc0000022)
[0414/144049.306:ERROR:exception_snapshot_win.cc(98)] thread ID 34644 not found in process
[0414/144049.306:ERROR:process_reader_win.cc(151)] SuspendThread: Access is denied. (0x5)
[0414/144049.307:ERROR:process_reader_win.cc(151)] SuspendThread: Access is denied. (0x5)
[0414/144049.307:ERROR:process_reader_win.cc(123)] NtOpenThread: {Access Denied} A process has requested access to an object, but has not been granted those access rights. (0xc0000022)
[0414/144049.307:ERROR:exception_snapshot_win.cc(98)] thread ID 36408 not found in process
[0414/144049.307:ERROR:process_reader_win.cc(151)] SuspendThread: Access is denied. (0x5)
[0414/144049.307:ERROR:process_reader_win.cc(151)] SuspendThread: Access is denied. (0x5)
[0414/144049.307:ERROR:process_reader_win.cc(151)] SuspendThread: Access is denied. (0x5)
[0414/144049.307:ERROR:exception_snapshot_win.cc(98)] thread ID 9420 not found in process
[0414/144049.307:ERROR:process_reader_win.cc(151)] SuspendThread: Access is denied. (0x5)
[0414/144049.307:ERROR:process_reader_win.cc(151)] SuspendThread: Access is denied. (0x5)
[0414/144049.307:ERROR:exception_snapshot_win.cc(98)] thread ID 36596 not found in process
[0414/144049.307:ERROR:process_reader_win.cc(151)] SuspendThread: Access is denied. (0x5)
[0414/144049.307:ERROR:process_reader_win.cc(151)] SuspendThread: Access is denied. (0x5)
[0414/144049.307:ERROR:process_reader_win.cc(151)] SuspendThread: Access is denied. (0x5)
[0414/144049.307:ERROR:process_reader_win.cc(151)] SuspendThread: Access is denied. (0x5)
[0414/144049.307:ERROR:process_reader_win.cc(151)] SuspendThread: Access is denied. (0x5)
[0414/144049.307:ERROR:process_reader_win.cc(151)] SuspendThread: Access is denied. (0x5)
[0414/144049.307:ERROR:process_reader_win.cc(151)] SuspendThread: Access is denied. (0x5)
[0414/144049.307:ERROR:process_reader_win.cc(151)] SuspendThread: Access is denied. (0x5)
[0414/144049.308:ERROR:process_reader_win.cc(151)] SuspendThread: Access is denied. (0x5)
[0414/144049.308:ERROR:process_reader_win.cc(151)] SuspendThread: Access is denied. (0x5)
[0414/144049.308:ERROR:process_reader_win.cc(151)] SuspendThread: Access is denied. (0x5)
[0414/144049.308:ERROR:process_reader_win.cc(151)] SuspendThread: Access is denied. (0x5)
[0414/144049.308:ERROR:process_reader_win.cc(151)] SuspendThread: Access is denied. (0x5)
[0414/144049.308:ERROR:process_reader_win.cc(151)] SuspendThread: Access is denied. (0x5)
[0414/144049.214:ERROR:process_reader_win.cc(151)] SuspendThread: Access is denied. (0x5)
[0414/144049.308:ERROR:process_reader_win.cc(123)] NtOpenThread: {Access Denied} A process has requested access to an object, but has not been granted those access rights. (0xc0000022)
[0414/144049.308:ERROR:process_reader_win.cc(123)] NtOpenThread: {Access Denied} A process has requested access to an object, but has not been granted those access rights. (0xc0000022)
[0414/144049.308:ERROR:exception_snapshot_win.cc(98)] thread ID 34416 not found in process
[0414/144049.308:ERROR:process_reader_win.cc(123)] NtOpenThread: {Access Denied} A process has requested access to an object, but has not been granted those access rights. (0xc0000022)
[0414/144049.309:ERROR:exception_snapshot_win.cc(98)] thread ID 5172 not found in process
[0414/144049.172:ERROR:process_reader_win.cc(151)] SuspendThread: Access is denied. (0x5)
[0414/144048.841:ERROR:process_reader_win.cc(151)] SuspendThread: Access is denied. (0x5)
[0414/144049.309:ERROR:exception_snapshot_win.cc(98)] thread ID 33676 not found in process
[0414/144049.309:ERROR:process_reader_win.cc(151)] SuspendThread: Access is denied. (0x5)
[0414/144049.309:ERROR:process_reader_win.cc(151)] SuspendThread: Access is denied. (0x5)
[0414/144049.309:ERROR:process_reader_win.cc(151)] SuspendThread: Access is denied. (0x5)
[0414/144049.309:ERROR:process_reader_win.cc(151)] SuspendThread: Access is denied. (0x5)
[0414/144049.309:ERROR:process_reader_win.cc(151)] SuspendThread: Access is denied. (0x5)
[0414/144049.309:ERROR:process_reader_win.cc(151)] SuspendThread: Access is denied. (0x5)
[0414/144049.303:ERROR:process_reader_win.cc(151)] SuspendThread: Access is denied. (0x5)
[0414/144049.064:ERROR:process_reader_win.cc(151)] SuspendThread: Access is denied. (0x5)
[0414/144049.064:ERROR:process_reader_win.cc(151)] SuspendThread: Access is denied. (0x5)
[0414/144049.247:ERROR:process_reader_win.cc(123)] NtOpenThread: {Access Denied} A process has requested access to an object, but has not been granted those access rights. (0xc0000022)
[0414/144049.064:ERROR:process_reader_win.cc(151)] SuspendThread: Access is denied. (0x5)
[0414/144049.309:ERROR:process_reader_win.cc(151)] SuspendThread: Access is denied. (0x5)
[0414/144049.158:ERROR:process_reader_win.cc(151)] SuspendThread: Access is denied. (0x5)
[0414/144049.309:ERROR:process_reader_win.cc(151)] SuspendThread: Access is denied. (0x5)
[0414/144049.309:ERROR:process_reader_win.cc(151)] SuspendThread: Access is denied. (0x5)
[0414/144049.309:ERROR:process_reader_win.cc(151)] SuspendThread: Access is denied. (0x5)
[0414/144049.309:ERROR:exception_snapshot_win.cc(98)] thread ID 35196 not found in process
[0414/144049.309:ERROR:process_reader_win.cc(151)] SuspendThread: Access is denied. (0x5)
[0414/144049.309:ERROR:process_reader_win.cc(151)] SuspendThread: Access is denied. (0x5)
[0414/144049.309:ERROR:process_reader_win.cc(123)] NtOpenThread: {Access Denied} A process has requested access to an object, but has not been granted those access rights. (0xc0000022)
[0414/144049.309:ERROR:exception_snapshot_win.cc(98)] thread ID 2556 not found in process
[0414/144049.309:ERROR:process_reader_win.cc(151)] SuspendThread: Access is denied. (0x5)
[0414/144049.309:ERROR:process_reader_win.cc(151)] SuspendThread: Access is denied. (0x5)
[0414/144049.309:ERROR:process_reader_win.cc(151)] SuspendThread: Access is denied. (0x5)
[0414/144049.309:ERROR:process_reader_win.cc(123)] NtOpenThread: {Access Denied} A process has requested access to an object, but has not been granted those access rights. (0xc0000022)
[0414/144049.309:ERROR:process_reader_win.cc(151)] SuspendThread: Access is denied. (0x5)
[0414/144049.309:ERROR:exception_snapshot_win.cc(98)] thread ID 27472 not found in process
[0414/144049.309:ERROR:process_reader_win.cc(151)] SuspendThread: Access is denied. (0x5)
[0414/144049.310:ERROR:process_reader_win.cc(151)] SuspendThread: Access is denied. (0x5)
[0414/144049.310:ERROR:process_reader_win.cc(151)] SuspendThread: Access is denied. (0x5)
[0414/144049.310:ERROR:process_reader_win.cc(151)] SuspendThread: Access is denied. (0x5)
[0414/144049.310:ERROR:process_reader_win.cc(151)] SuspendThread: Access is denied. (0x5)
[0414/144049.310:ERROR:process_reader_win.cc(151)] SuspendThread: Access is denied. (0x5)
[0414/144049.308:ERROR:process_reader_win.cc(151)] SuspendThread: Access is denied. (0x5)
[0414/144049.310:ERROR:process_reader_win.cc(151)] SuspendThread: Access is denied. (0x5)
[0414/144049.310:ERROR:process_reader_win.cc(123)] NtOpenThread: {Access Denied} A process has requested access to an object, but has not been granted those access rights. (0xc0000022)
[0414/144049.310:ERROR:exception_snapshot_win.cc(98)] thread ID 14248 not found in process
[0414/144049.310:ERROR:process_reader_win.cc(123)] NtOpenThread: {Access Denied} A process has requested access to an object, but has not been granted those access rights. (0xc0000022)
[0414/144049.310:ERROR:exception_snapshot_win.cc(98)] thread ID 36476 not found in process
[0414/144049.064:ERROR:process_reader_win.cc(151)] SuspendThread: Access is denied. (0x5)
[0414/144049.064:ERROR:process_reader_win.cc(151)] SuspendThread: Access is denied. (0x5)
[0414/144049.302:ERROR:process_reader_win.cc(151)] SuspendThread: Access is denied. (0x5)
[0414/144049.308:ERROR:process_reader_win.cc(151)] SuspendThread: Access is denied. (0x5)
[0414/144049.304:ERROR:process_reader_win.cc(151)] SuspendThread: Access is denied. (0x5)
[0414/144049.310:ERROR:process_reader_win.cc(151)] SuspendThread: Access is denied. (0x5)
[0414/144049.310:ERROR:process_reader_win.cc(151)] SuspendThread: Access is denied. (0x5)
[0414/144049.310:ERROR:process_reader_win.cc(151)] SuspendThread: Access is denied. (0x5)
[0414/144049.311:ERROR:process_reader_win.cc(151)] SuspendThread: Access is denied. (0x5)
[0414/144049.185:ERROR:process_reader_win.cc(151)] SuspendThread: Access is denied. (0x5)
[0414/144049.310:ERROR:process_reader_win.cc(123)] NtOpenThread: {Access Denied} A process has requested access to an object, but has not been granted those access rights. (0xc0000022)
[0414/144049.309:ERROR:process_reader_win.cc(151)] SuspendThread: Access is denied. (0x5)
[0414/144049.310:ERROR:process_reader_win.cc(123)] NtOpenThread: {Access Denied} A process has requested access to an object, but has not been granted those access rights. (0xc0000022)
[0414/144049.311:ERROR:exception_snapshot_win.cc(98)] thread ID 9088 not found in process
[0414/144049.311:ERROR:process_reader_win.cc(151)] SuspendThread: Access is denied. (0x5)
[0414/144049.311:ERROR:process_reader_win.cc(151)] SuspendThread: Access is denied. (0x5)
[0414/144049.311:ERROR:process_reader_win.cc(123)] NtOpenThread: {Access Denied} A process has requested access to an object, but has not been granted those access rights. (0xc0000022)
[0414/144049.311:ERROR:exception_snapshot_win.cc(98)] thread ID 34792 not found in process
[0414/144049.311:ERROR:process_reader_win.cc(151)] SuspendThread: Access is denied. (0x5)
[0414/144049.303:ERROR:process_reader_win.cc(151)] SuspendThread: Access is denied. (0x5)
[0414/144049.312:ERROR:exception_snapshot_win.cc(98)] thread ID 1324 not found in process
[0414/144049.312:ERROR:process_reader_win.cc(151)] SuspendThread: Access is denied. (0x5)
[0414/144049.312:ERROR:process_reader_win.cc(151)] SuspendThread: Access is denied. (0x5)
[0414/144049.312:ERROR:process_reader_win.cc(151)] SuspendThread: Access is denied. (0x5)
[0414/144049.312:ERROR:process_reader_win.cc(151)] SuspendThread: Access is denied. (0x5)
[0414/144049.312:ERROR:process_reader_win.cc(151)] SuspendThread: Access is denied. (0x5)
[0414/144049.312:ERROR:process_reader_win.cc(151)] SuspendThread: Access is denied. (0x5)
[0414/144049.312:ERROR:process_reader_win.cc(151)] SuspendThread: Access is denied. (0x5)
[0414/144049.312:ERROR:process_reader_win.cc(151)] SuspendThread: Access is denied. (0x5)
[0414/144049.312:ERROR:process_reader_win.cc(151)] SuspendThread: Access is denied. (0x5)
[0414/144049.312:ERROR:process_reader_win.cc(151)] SuspendThread: Access is denied. (0x5)
[0414/144049.312:ERROR:process_reader_win.cc(151)] SuspendThread: Access is denied. (0x5)
[0414/144049.313:ERROR:process_reader_win.cc(123)] NtOpenThread: {Access Denied} A process has requested access to an object, but has not been granted those access rights. (0xc0000022)
[0414/144049.312:ERROR:process_reader_win.cc(151)] SuspendThread: Access is denied. (0x5)
[0414/144049.313:ERROR:exception_snapshot_win.cc(98)] thread ID 10464 not found in process
[0414/144049.313:ERROR:process_reader_win.cc(151)] SuspendThread: Access is denied. (0x5)
[0414/144049.313:ERROR:process_reader_win.cc(151)] SuspendThread: Access is denied. (0x5)
[0414/144049.313:ERROR:process_reader_win.cc(151)] SuspendThread: Access is denied. (0x5)
[0414/144049.318:ERROR:process_reader_win.cc(151)] SuspendThread: Access is denied. (0x5)
[0414/144049.318:ERROR:process_reader_win.cc(123)] NtOpenThread: {Access Denied} A process has requested access to an object, but has not been granted those access rights. (0xc0000022)
[0414/144049.318:ERROR:process_reader_win.cc(151)] SuspendThread: Access is denied. (0x5)
[0414/144049.318:ERROR:process_reader_win.cc(151)] SuspendThread: Access is denied. (0x5)
[0414/144049.318:ERROR:exception_snapshot_win.cc(98)] thread ID 36520 not found in process
[0414/144049.318:ERROR:process_reader_win.cc(151)] SuspendThread: Access is denied. (0x5)
[0414/144049.318:ERROR:process_reader_win.cc(151)] SuspendThread: Access is denied. (0x5)
[0414/144049.318:ERROR:process_reader_win.cc(151)] SuspendThread: Access is denied. (0x5)
[0414/144049.318:ERROR:process_reader_win.cc(151)] SuspendThread: Access is denied. (0x5)
[0414/144049.318:ERROR:process_reader_win.cc(151)] SuspendThread: Access is denied. (0x5)
[0414/144049.318:ERROR:process_reader_win.cc(151)] SuspendThread: Access is denied. (0x5)
[0414/144049.318:ERROR:process_reader_win.cc(123)] NtOpenThread: {Access Denied} A process has requested access to an object, but has not been granted those access rights. (0xc0000022)
[0414/144049.318:ERROR:exception_snapshot_win.cc(98)] thread ID 27372 not found in process
[0414/144049.064:ERROR:process_reader_win.cc(151)] SuspendThread: Access is denied. (0x5)
[0414/144049.312:ERROR:process_reader_win.cc(151)] SuspendThread: Access is denied. (0x5)
[0414/144049.302:ERROR:process_reader_win.cc(151)] SuspendThread: Access is denied. (0x5)
[0414/144049.318:ERROR:process_reader_win.cc(151)] SuspendThread: Access is denied. (0x5)
[0414/144049.318:ERROR:process_reader_win.cc(151)] SuspendThread: Access is denied. (0x5)
[0414/144049.318:ERROR:process_reader_win.cc(151)] SuspendThread: Access is denied. (0x5)
[0414/144049.318:ERROR:process_reader_win.cc(151)] SuspendThread: Access is denied. (0x5)
[0414/144049.318:ERROR:process_reader_win.cc(123)] NtOpenThread: {Access Denied} A process has requested access to an object, but has not been granted those access rights. (0xc0000022)
[0414/144049.319:ERROR:exception_snapshot_win.cc(98)] thread ID 36384 not found in process
[0414/144049.319:ERROR:process_reader_win.cc(151)] SuspendThread: Access is denied. (0x5)
[0414/144049.319:ERROR:process_reader_win.cc(151)] SuspendThread: Access is denied. (0x5)
[0414/144049.319:ERROR:process_reader_win.cc(123)] NtOpenThread: {Access Denied} A process has requested access to an object, but has not been granted those access rights. (0xc0000022)
[0414/144049.318:ERROR:process_reader_win.cc(123)] NtOpenThread: {Access Denied} A process has requested access to an object, but has not been granted those access rights. (0xc0000022)
[0414/144049.319:ERROR:exception_snapshot_win.cc(98)] thread ID 36132 not found in process
[0414/144049.312:ERROR:process_reader_win.cc(151)] SuspendThread: Access is denied. (0x5)
[0414/144049.319:ERROR:exception_snapshot_win.cc(98)] thread ID 8064 not found in process
[0414/144049.319:ERROR:process_reader_win.cc(151)] SuspendThread: Access is denied. (0x5)
[0414/144049.319:ERROR:process_reader_win.cc(151)] SuspendThread: Access is denied. (0x5)
[0414/144049.319:ERROR:process_reader_win.cc(151)] SuspendThread: Access is denied. (0x5)
[0414/144049.319:ERROR:process_reader_win.cc(151)] SuspendThread: Access is denied. (0x5)
[0414/144049.319:ERROR:process_reader_win.cc(151)] SuspendThread: Access is denied. (0x5)
[0414/144049.319:ERROR:process_reader_win.cc(151)] SuspendThread: Access is denied. (0x5)
[0414/144049.319:ERROR:process_reader_win.cc(151)] SuspendThread: Access is denied. (0x5)
[0414/144049.319:ERROR:process_reader_win.cc(151)] SuspendThread: Access is denied. (0x5)
[0414/144049.319:ERROR:process_reader_win.cc(123)] NtOpenThread: {Access Denied} A process has requested access to an object, but has not been granted those access rights. (0xc0000022)
[0414/144049.319:ERROR:exception_snapshot_win.cc(98)] thread ID 14568 not found in process
[0414/144049.313:ERROR:process_reader_win.cc(151)] SuspendThread: Access is denied. (0x5)
[0414/144049.320:ERROR:process_reader_win.cc(151)] SuspendThread: Access is denied. (0x5)
[0414/144049.320:ERROR:process_reader_win.cc(151)] SuspendThread: Access is denied. (0x5)
[0414/144049.320:ERROR:process_reader_win.cc(151)] SuspendThread: Access is denied. (0x5)
[0414/144049.320:ERROR:process_reader_win.cc(151)] SuspendThread: Access is denied. (0x5)
[0414/144049.320:ERROR:process_reader_win.cc(151)] SuspendThread: Access is denied. (0x5)
[0414/144049.320:ERROR:process_reader_win.cc(151)] SuspendThread: Access is denied. (0x5)
[0414/144049.320:ERROR:process_reader_win.cc(123)] NtOpenThread: {Access Denied} A process has requested access to an object, but has not been granted those access rights. (0xc0000022)
[0414/144049.321:ERROR:exception_snapshot_win.cc(98)] thread ID 28940 not found in process
[0414/144049.322:ERROR:process_reader_win.cc(151)] SuspendThread: Access is denied. (0x5)
[0414/144049.322:ERROR:process_reader_win.cc(151)] SuspendThread: Access is denied. (0x5)
[0414/144049.322:ERROR:process_reader_win.cc(151)] SuspendThread: Access is denied. (0x5)
[0414/144049.322:ERROR:process_reader_win.cc(151)] SuspendThread: Access is denied. (0x5)
[0414/144049.322:ERROR:process_reader_win.cc(151)] SuspendThread: Access is denied. (0x5)
[0414/144049.322:ERROR:process_reader_win.cc(151)] SuspendThread: Access is denied. (0x5)
[0414/144049.322:ERROR:process_reader_win.cc(151)] SuspendThread: Access is denied. (0x5)
[0414/144049.322:ERROR:process_reader_win.cc(151)] SuspendThread: Access is denied. (0x5)
[0414/144049.322:ERROR:process_reader_win.cc(151)] SuspendThread: Access is denied. (0x5)
[0414/144049.322:ERROR:process_reader_win.cc(151)] SuspendThread: Access is denied. (0x5)
[0414/144049.322:ERROR:process_reader_win.cc(123)] NtOpenThread: {Access Denied} A process has requested access to an object, but has not been granted those access rights. (0xc0000022)
[0414/144049.322:ERROR:exception_snapshot_win.cc(98)] thread ID 35276 not found in process
[0414/144049.172:ERROR:process_reader_win.cc(151)] SuspendThread: Access is denied. (0x5)
[0414/144049.180:ERROR:process_reader_win.cc(151)] SuspendThread: Access is denied. (0x5)
[0414/144049.323:ERROR:process_reader_win.cc(151)] SuspendThread: Access is denied. (0x5)
[0414/144049.322:ERROR:process_reader_win.cc(123)] NtOpenThread: {Access Denied} A process has requested access to an object, but has not been granted those access rights. (0xc0000022)
[0414/144049.323:ERROR:process_reader_win.cc(151)] SuspendThread: Access is denied. (0x5)
[0414/144049.323:ERROR:exception_snapshot_win.cc(98)] thread ID 24768 not found in process
[0414/144049.323:ERROR:process_reader_win.cc(123)] NtOpenThread: {Access Denied} A process has requested access to an object, but has not been granted those access rights. (0xc0000022)
[0414/144049.323:ERROR:exception_snapshot_win.cc(98)] thread ID 15092 not found in process
[0414/144049.322:ERROR:process_reader_win.cc(123)] NtOpenThread: {Access Denied} A process has requested access to an object, but has not been granted those access rights. (0xc0000022)
[0414/144049.323:ERROR:exception_snapshot_win.cc(98)] thread ID 29472 not found in process
[0414/144049.281:ERROR:process_reader_win.cc(151)] SuspendThread: Access is denied. (0x5)
[0414/144049.323:ERROR:process_reader_win.cc(151)] SuspendThread: Access is denied. (0x5)
[0414/144049.323:ERROR:process_reader_win.cc(151)] SuspendThread: Access is denied. (0x5)
[0414/144049.323:ERROR:process_reader_win.cc(151)] SuspendThread: Access is denied. (0x5)
[0414/144049.323:ERROR:process_reader_win.cc(151)] SuspendThread: Access is denied. (0x5)
[0414/144049.323:ERROR:process_reader_win.cc(151)] SuspendThread: Access is denied. (0x5)
[0414/144049.323:ERROR:process_reader_win.cc(151)] SuspendThread: Access is denied. (0x5)
[0414/144049.323:ERROR:process_reader_win.cc(151)] SuspendThread: Access is denied. (0x5)
[0414/144049.323:ERROR:process_reader_win.cc(151)] SuspendThread: Access is denied. (0x5)
[0414/144049.323:ERROR:process_reader_win.cc(151)] SuspendThread: Access is denied. (0x5)
[0414/144049.324:ERROR:process_reader_win.cc(151)] SuspendThread: Access is denied. (0x5)
[0414/144049.324:ERROR:process_reader_win.cc(151)] SuspendThread: Access is denied. (0x5)
[0414/144049.324:ERROR:process_reader_win.cc(151)] SuspendThread: Access is denied. (0x5)
[0414/144049.324:ERROR:process_reader_win.cc(151)] SuspendThread: Access is denied. (0x5)
[0414/144049.324:ERROR:process_reader_win.cc(151)] SuspendThread: Access is denied. (0x5)
[0414/144049.324:ERROR:process_reader_win.cc(151)] SuspendThread: Access is denied. (0x5)
[0414/144049.324:ERROR:process_reader_win.cc(151)] SuspendThread: Access is denied. (0x5)
[0414/144049.324:ERROR:process_reader_win.cc(151)] SuspendThread: Access is denied. (0x5)
[0414/144049.324:ERROR:process_reader_win.cc(151)] SuspendThread: Access is denied. (0x5)
[0414/144049.324:ERROR:process_reader_win.cc(151)] SuspendThread: Access is denied. (0x5)
[0414/144049.324:ERROR:process_reader_win.cc(151)] SuspendThread: Access is denied. (0x5)
[0414/144049.324:ERROR:process_reader_win.cc(151)] SuspendThread: Access is denied. (0x5)
[0414/144049.324:ERROR:process_reader_win.cc(151)] SuspendThread: Access is denied. (0x5)
[0414/144049.324:ERROR:process_reader_win.cc(151)] SuspendThread: Access is denied. (0x5)
[0414/144049.324:ERROR:process_reader_win.cc(151)] SuspendThread: Access is denied. (0x5)
[0414/144049.324:ERROR:process_reader_win.cc(123)] NtOpenThread: {Access Denied} A process has requested access to an object, but has not been granted those access rights. (0xc0000022)
[0414/144049.324:ERROR:exception_snapshot_win.cc(98)] thread ID 36220 not found in process
[0414/144049.325:ERROR:process_reader_win.cc(151)] SuspendThread: Access is denied. (0x5)
[0414/144049.325:ERROR:process_reader_win.cc(151)] SuspendThread: Access is denied. (0x5)
[0414/144049.325:ERROR:process_reader_win.cc(151)] SuspendThread: Access is denied. (0x5)
[0414/144049.325:ERROR:process_reader_win.cc(151)] SuspendThread: Access is denied. (0x5)
[0414/144049.325:ERROR:process_reader_win.cc(151)] SuspendThread: Access is denied. (0x5)
[0414/144049.325:ERROR:process_reader_win.cc(151)] SuspendThread: Access is denied. (0x5)
[0414/144049.325:ERROR:process_reader_win.cc(151)] SuspendThread: Access is denied. (0x5)
[0414/144049.325:ERROR:process_reader_win.cc(151)] SuspendThread: Access is denied. (0x5)
[0414/144049.325:ERROR:process_reader_win.cc(151)] SuspendThread: Access is denied. (0x5)
[0414/144049.325:ERROR:process_reader_win.cc(151)] SuspendThread: Access is denied. (0x5)
[0414/144049.325:ERROR:process_reader_win.cc(151)] SuspendThread: Access is denied. (0x5)
[0414/144049.325:ERROR:process_reader_win.cc(123)] NtOpenThread: {Access Denied} A process has requested access to an object, but has not been granted those access rights. (0xc0000022)
[0414/144049.325:ERROR:exception_snapshot_win.cc(98)] thread ID 34960 not found in process
[0414/144049.326:ERROR:process_reader_win.cc(123)] NtOpenThread: {Access Denied} A process has requested access to an object, but has not been granted those access rights. (0xc0000022)
[0414/144049.326:ERROR:exception_snapshot_win.cc(98)] thread ID 36616 not found in process
[0414/144048.732:ERROR:process_reader_win.cc(151)] SuspendThread: Access is denied. (0x5)
[0414/144048.740:ERROR:process_reader_win.cc(151)] SuspendThread: Access is denied. (0x5)
[0414/144048.774:ERROR:process_reader_win.cc(151)] SuspendThread: Access is denied. (0x5)
[0414/144048.778:ERROR:process_reader_win.cc(151)] SuspendThread: Access is denied. (0x5)
[0414/144049.329:ERROR:process_reader_win.cc(151)] SuspendThread: Access is denied. (0x5)
[0414/144049.329:ERROR:process_reader_win.cc(151)] SuspendThread: Access is denied. (0x5)
[0414/144049.329:ERROR:process_reader_win.cc(151)] SuspendThread: Access is denied. (0x5)
[0414/144049.329:ERROR:process_reader_win.cc(151)] SuspendThread: Access is denied. (0x5)
[0414/144049.329:ERROR:process_reader_win.cc(151)] SuspendThread: Access is denied. (0x5)
[0414/144049.329:ERROR:process_reader_win.cc(151)] SuspendThread: Access is denied. (0x5)
[0414/144049.329:ERROR:process_reader_win.cc(151)] SuspendThread: Access is denied. (0x5)
[0414/144049.329:ERROR:process_reader_win.cc(151)] SuspendThread: Access is denied. (0x5)
[0414/144049.329:ERROR:process_reader_win.cc(151)] SuspendThread: Access is denied. (0x5)
[0414/144049.329:ERROR:process_reader_win.cc(151)] SuspendThread: Access is denied. (0x5)
[0414/144049.329:ERROR:process_reader_win.cc(151)] SuspendThread: Access is denied. (0x5)
[0414/144049.329:ERROR:process_reader_win.cc(151)] SuspendThread: Access is denied. (0x5)
[0414/144049.329:ERROR:process_reader_win.cc(151)] SuspendThread: Access is denied. (0x5)
[0414/144049.329:ERROR:process_reader_win.cc(123)] NtOpenThread: {Access Denied} A process has requested access to an object, but has not been granted those access rights. (0xc0000022)
[0414/144049.329:ERROR:exception_snapshot_win.cc(98)] thread ID 9996 not found in process
[0414/144049.330:ERROR:process_reader_win.cc(151)] SuspendThread: Access is denied. (0x5)
[0414/144049.330:ERROR:process_reader_win.cc(151)] SuspendThread: Access is denied. (0x5)
[0414/144049.330:ERROR:process_reader_win.cc(151)] SuspendThread: Access is denied. (0x5)
[0414/144049.330:ERROR:process_reader_win.cc(123)] NtOpenThread: {Access Denied} A process has requested access to an object, but has not been granted those access rights. (0xc0000022)
[0414/144049.330:ERROR:exception_snapshot_win.cc(98)] thread ID 12156 not found in process
[0414/144049.335:ERROR:process_reader_win.cc(151)] SuspendThread: Access is denied. (0x5)
[0414/144049.335:ERROR:process_reader_win.cc(123)] NtOpenThread: {Access Denied} A process has requested access to an object, but has not been granted those access rights. (0xc0000022)
[0414/144049.335:ERROR:exception_snapshot_win.cc(98)] thread ID 27488 not found in process
[0414/144049.338:ERROR:process_reader_win.cc(151)] SuspendThread: Access is denied. (0x5)
[0414/144049.338:ERROR:process_reader_win.cc(123)] NtOpenThread: {Access Denied} A process has requested access to an object, but has not been granted those access rights. (0xc0000022)
[0414/144049.338:ERROR:exception_snapshot_win.cc(98)] thread ID 7612 not found in process
[0414/144049.330:ERROR:process_reader_win.cc(151)] SuspendThread: Access is denied. (0x5)
[0414/144049.357:ERROR:process_reader_win.cc(151)] SuspendThread: Access is denied. (0x5)
[0414/144049.329:ERROR:process_reader_win.cc(151)] SuspendThread: Access is denied. (0x5)
[0414/144049.357:ERROR:process_reader_win.cc(151)] SuspendThread: Access is denied. (0x5)
[0414/144049.357:ERROR:process_reader_win.cc(151)] SuspendThread: Access is denied. (0x5)
[0414/144049.357:ERROR:process_reader_win.cc(151)] SuspendThread: Access is denied. (0x5)
[0414/144049.357:ERROR:process_reader_win.cc(151)] SuspendThread: Access is denied. (0x5)
[0414/144049.357:ERROR:process_reader_win.cc(151)] SuspendThread: Access is denied. (0x5)
[0414/144049.357:ERROR:process_reader_win.cc(151)] SuspendThread: Access is denied. (0x5)
[0414/144049.357:ERROR:process_reader_win.cc(151)] SuspendThread: Access is denied. (0x5)
[0414/144049.357:ERROR:process_reader_win.cc(151)] SuspendThread: Access is denied. (0x5)
[0414/144049.357:ERROR:process_reader_win.cc(151)] SuspendThread: Access is denied. (0x5)
[0414/144049.357:ERROR:process_reader_win.cc(151)] SuspendThread: Access is denied. (0x5)
[0414/144049.357:ERROR:process_reader_win.cc(151)] SuspendThread: Access is denied. (0x5)
[0414/144049.357:ERROR:process_reader_win.cc(151)] SuspendThread: Access is denied. (0x5)
[0414/144049.357:ERROR:process_reader_win.cc(151)] SuspendThread: Access is denied. (0x5)
[0414/144049.357:ERROR:process_reader_win.cc(151)] SuspendThread: Access is denied. (0x5)
[0414/144049.357:ERROR:process_reader_win.cc(151)] SuspendThread: Access is denied. (0x5)
[0414/144049.357:ERROR:process_reader_win.cc(151)] SuspendThread: Access is denied. (0x5)
[0414/144049.357:ERROR:process_reader_win.cc(151)] SuspendThread: Access is denied. (0x5)
[0414/144049.357:ERROR:process_reader_win.cc(151)] SuspendThread: Access is denied. (0x5)
[0414/144049.357:ERROR:process_reader_win.cc(151)] SuspendThread: Access is denied. (0x5)
[0414/144049.357:ERROR:process_reader_win.cc(123)] NtOpenThread: {Access Denied} A process has requested access to an object, but has not been granted those access rights. (0xc0000022)
[0414/144049.358:ERROR:process_reader_win.cc(151)] SuspendThread: Access is denied. (0x5)
[0414/144049.358:ERROR:exception_snapshot_win.cc(98)] thread ID 25096 not found in process
[0414/144049.358:ERROR:process_reader_win.cc(151)] SuspendThread: Access is denied. (0x5)
[0414/144049.358:ERROR:process_reader_win.cc(123)] NtOpenThread: {Access Denied} A process has requested access to an object, but has not been granted those access rights. (0xc0000022)
[0414/144049.359:ERROR:exception_snapshot_win.cc(98)] thread ID 27356 not found in process
[0414/144049.359:ERROR:process_reader_win.cc(151)] SuspendThread: Access is denied. (0x5)
[0414/144049.359:ERROR:process_reader_win.cc(151)] SuspendThread: Access is denied. (0x5)
[0414/144048.817:ERROR:process_reader_win.cc(151)] SuspendThread: Access is denied. (0x5)
[0414/144049.359:ERROR:process_reader_win.cc(151)] SuspendThread: Access is denied. (0x5)
[0414/144049.359:ERROR:process_reader_win.cc(151)] SuspendThread: Access is denied. (0x5)
[0414/144049.359:ERROR:process_reader_win.cc(151)] SuspendThread: Access is denied. (0x5)
[0414/144049.359:ERROR:process_reader_win.cc(151)] SuspendThread: Access is denied. (0x5)
[0414/144049.359:ERROR:process_reader_win.cc(151)] SuspendThread: Access is denied. (0x5)
[0414/144049.359:ERROR:process_reader_win.cc(151)] SuspendThread: Access is denied. (0x5)
[0414/144049.359:ERROR:process_reader_win.cc(123)] NtOpenThread: {Access Denied} A process has requested access to an object, but has not been granted those access rights. (0xc0000022)
[0414/144049.359:ERROR:process_reader_win.cc(151)] SuspendThread: Access is denied. (0x5)
[0414/144049.359:ERROR:process_reader_win.cc(123)] NtOpenThread: {Access Denied} A process has requested access to an object, but has not been granted those access rights. (0xc0000022)
[0414/144049.359:ERROR:exception_snapshot_win.cc(98)] thread ID 28964 not found in process
[0414/144049.359:ERROR:exception_snapshot_win.cc(98)] thread ID 36040 not found in process
[0414/144049.359:ERROR:process_reader_win.cc(123)] NtOpenThread: An invalid Client ID was specified. (0xc000000b)
[0414/144049.359:ERROR:process_reader_win.cc(123)] NtOpenThread: An invalid Client ID was specified. (0xc000000b)
[0414/144049.359:ERROR:process_reader_win.cc(123)] NtOpenThread: An invalid Client ID was specified. (0xc000000b)
[0414/144049.359:ERROR:process_reader_win.cc(123)] NtOpenThread: An invalid Client ID was specified. (0xc000000b)
[0414/144049.359:ERROR:process_reader_win.cc(123)] NtOpenThread: An invalid Client ID was specified. (0xc000000b)
[0414/144049.359:ERROR:process_reader_win.cc(123)] NtOpenThread: An invalid Client ID was specified. (0xc000000b)
[0414/144049.359:ERROR:process_reader_win.cc(123)] NtOpenThread: An invalid Client ID was specified. (0xc000000b)
[0414/144049.359:ERROR:process_reader_win.cc(123)] NtOpenThread: An invalid Client ID was specified. (0xc000000b)
[0414/144049.360:ERROR:process_reader_win.cc(123)] NtOpenThread: An invalid Client ID was specified. (0xc000000b)
[0414/144049.360:ERROR:process_reader_win.cc(123)] NtOpenThread: An invalid Client ID was specified. (0xc000000b)
[0414/144049.360:ERROR:process_reader_win.cc(123)] NtOpenThread: An invalid Client ID was specified. (0xc000000b)
[0414/144049.360:ERROR:exception_snapshot_win.cc(98)] thread ID 23340 not found in process
[0414/144049.360:ERROR:scoped_process_suspend.cc(40)] NtResumeProcess: An attempt was made to access an exiting process. (0xc000010a)
[0414/144049.296:ERROR:process_reader_win.cc(151)] SuspendThread: Access is denied. (0x5)
[0414/144049.296:ERROR:process_reader_win.cc(151)] SuspendThread: Access is denied. (0x5)
[0414/144049.360:ERROR:process_reader_win.cc(123)] NtOpenThread: {Access Denied} A process has requested access to an object, but has not been granted those access rights. (0xc0000022)
[0414/144049.360:ERROR:exception_snapshot_win.cc(98)] thread ID 36620 not found in process
[0414/144049.152:ERROR:process_reader_win.cc(151)] SuspendThread: Access is denied. (0x5)
[0414/144049.361:ERROR:process_reader_win.cc(151)] SuspendThread: Access is denied. (0x5)
[0414/144049.361:ERROR:process_reader_win.cc(123)] NtOpenThread: {Access Denied} A process has requested access to an object, but has not been granted those access rights. (0xc0000022)
[0414/144049.361:ERROR:exception_snapshot_win.cc(98)] thread ID 29252 not found in process
[0414/144049.203:ERROR:process_reader_win.cc(151)] SuspendThread: Access is denied. (0x5)
[0414/144049.361:ERROR:process_reader_win.cc(151)] SuspendThread: Access is denied. (0x5)
[0414/144049.361:ERROR:process_reader_win.cc(123)] NtOpenThread: An invalid Client ID was specified. (0xc000000b)
[0414/144049.360:ERROR:process_reader_win.cc(123)] NtOpenThread: {Access Denied} A process has requested access to an object, but has not been granted those access rights. (0xc0000022)
[0414/144049.361:ERROR:exception_snapshot_win.cc(98)] thread ID 36204 not found in process
[0414/144049.302:ERROR:process_reader_win.cc(151)] SuspendThread: Access is denied. (0x5)
[0414/144048.773:ERROR:process_reader_win.cc(151)] SuspendThread: Access is denied. (0x5)
[0414/144049.361:ERROR:process_reader_win.cc(151)] SuspendThread: Access is denied. (0x5)
[0414/144049.362:ERROR:process_reader_win.cc(151)] SuspendThread: Access is denied. (0x5)
[0414/144049.361:ERROR:exception_snapshot_win.cc(98)] thread ID 33100 not found in process
[0414/144049.362:ERROR:process_reader_win.cc(151)] SuspendThread: Access is denied. (0x5)
[0414/144049.362:ERROR:process_reader_win.cc(151)] SuspendThread: Access is denied. (0x5)
[0414/144049.362:ERROR:process_reader_win.cc(151)] SuspendThread: Access is denied. (0x5)
[0414/144049.362:ERROR:process_reader_win.cc(123)] NtOpenThread: {Access Denied} A process has requested access to an object, but has not been granted those access rights. (0xc0000022)
[0414/144049.362:ERROR:process_reader_win.cc(151)] SuspendThread: Access is denied. (0x5)
[0414/144049.362:ERROR:exception_snapshot_win.cc(98)] thread ID 27448 not found in process
[0414/144049.362:ERROR:process_reader_win.cc(151)] SuspendThread: Access is denied. (0x5)
[0414/144049.362:ERROR:process_reader_win.cc(151)] SuspendThread: Access is denied. (0x5)
[0414/144049.362:ERROR:process_reader_win.cc(151)] SuspendThread: Access is denied. (0x5)
[0414/144049.362:ERROR:process_reader_win.cc(151)] SuspendThread: Access is denied. (0x5)
[0414/144049.362:ERROR:process_reader_win.cc(151)] SuspendThread: Access is denied. (0x5)
[0414/144049.362:ERROR:process_reader_win.cc(151)] SuspendThread: Access is denied. (0x5)
[0414/144049.362:ERROR:process_reader_win.cc(151)] SuspendThread: Access is denied. (0x5)
[0414/144049.362:ERROR:process_reader_win.cc(151)] SuspendThread: Access is denied. (0x5)
[0414/144049.362:ERROR:process_reader_win.cc(151)] SuspendThread: Access is denied. (0x5)
[0414/144049.362:ERROR:process_reader_win.cc(123)] NtOpenThread: {Access Denied} A process has requested access to an object, but has not been granted those access rights. (0xc0000022)
[0414/144049.362:ERROR:process_reader_win.cc(151)] SuspendThread: Access is denied. (0x5)
[0414/144049.362:ERROR:exception_snapshot_win.cc(98)] thread ID 28744 not found in process
[0414/144049.362:ERROR:process_reader_win.cc(123)] NtOpenThread: {Access Denied} A process has requested access to an object, but has not been granted those access rights. (0xc0000022)
[0414/144049.290:ERROR:process_reader_win.cc(151)] SuspendThread: Access is denied. (0x5)
[0414/144049.362:ERROR:exception_snapshot_win.cc(98)] thread ID 36472 not found in process
[0414/144049.362:ERROR:process_reader_win.cc(151)] SuspendThread: Access is denied. (0x5)
[0414/144049.362:ERROR:process_reader_win.cc(151)] SuspendThread: Access is denied. (0x5)
[0414/144049.362:ERROR:process_reader_win.cc(123)] NtOpenThread: {Access Denied} A process has requested access to an object, but has not been granted those access rights. (0xc0000022)
[0414/144049.362:ERROR:exception_snapshot_win.cc(98)] thread ID 27616 not found in process
[0414/144049.362:ERROR:process_reader_win.cc(151)] SuspendThread: Access is denied. (0x5)
[0414/144049.362:ERROR:process_reader_win.cc(123)] NtOpenThread: {Access Denied} A process has requested access to an object, but has not been granted those access rights. (0xc0000022)
[0414/144049.362:ERROR:exception_snapshot_win.cc(98)] thread ID 32280 not found in process
[0414/144049.362:ERROR:process_reader_win.cc(151)] SuspendThread: Access is denied. (0x5)
[0414/144049.363:ERROR:process_reader_win.cc(123)] NtOpenThread: {Access Denied} A process has requested access to an object, but has not been granted those access rights. (0xc0000022)
[0414/144049.363:ERROR:exception_snapshot_win.cc(98)] thread ID 17564 not found in process
[0414/144049.306:ERROR:process_reader_win.cc(123)] NtOpenThread: {Access Denied} A process has requested access to an object, but has not been granted those access rights. (0xc0000022)
[0414/144049.363:ERROR:exception_snapshot_win.cc(98)] thread ID 27368 not found in process
[0414/144049.364:ERROR:process_reader_win.cc(151)] SuspendThread: Access is denied. (0x5)
[0414/144049.364:ERROR:process_reader_win.cc(123)] NtOpenThread: {Access Denied} A process has requested access to an object, but has not been granted those access rights. (0xc0000022)
[0414/144049.364:ERROR:exception_snapshot_win.cc(98)] thread ID 4136 not found in process
[0414/144049.364:ERROR:process_reader_win.cc(151)] SuspendThread: Access is denied. (0x5)
[0414/144049.227:ERROR:process_reader_win.cc(151)] SuspendThread: Access is denied. (0x5)
[0414/144049.290:ERROR:process_reader_win.cc(151)] SuspendThread: Access is denied. (0x5)
[0414/144049.364:ERROR:process_reader_win.cc(123)] NtOpenThread: {Access Denied} A process has requested access to an object, but has not been granted those access rights. (0xc0000022)
[0414/144049.364:ERROR:exception_snapshot_win.cc(98)] thread ID 36640 not found in process
[0414/144049.364:ERROR:process_reader_win.cc(123)] NtOpenThread: {Access Denied} A process has requested access to an object, but has not been granted those access rights. (0xc0000022)
[0414/144049.364:ERROR:exception_snapshot_win.cc(98)] thread ID 36416 not found in process
[0414/144049.364:ERROR:process_reader_win.cc(123)] NtOpenThread: {Access Denied} A process has requested access to an object, but has not been granted those access rights. (0xc0000022)
[0414/144049.364:ERROR:exception_snapshot_win.cc(98)] thread ID 29360 not found in process
[0414/144049.201:ERROR:process_reader_win.cc(151)] SuspendThread: Access is denied. (0x5)
[0414/144049.290:ERROR:process_reader_win.cc(151)] SuspendThread: Access is denied. (0x5)
[0414/144049.365:ERROR:process_reader_win.cc(151)] SuspendThread: Access is denied. (0x5)
[0414/144049.194:ERROR:process_reader_win.cc(151)] SuspendThread: Access is denied. (0x5)
[0414/144049.365:ERROR:process_reader_win.cc(123)] NtOpenThread: {Access Denied} A process has requested access to an object, but has not been granted those access rights. (0xc0000022)
[0414/144049.365:ERROR:process_reader_win.cc(123)] NtOpenThread: {Access Denied} A process has requested access to an object, but has not been granted those access rights. (0xc0000022)
[0414/144049.365:ERROR:exception_snapshot_win.cc(98)] thread ID 11484 not found in process
[0414/144049.210:ERROR:process_reader_win.cc(151)] SuspendThread: Access is denied. (0x5)
[0414/144049.365:ERROR:process_reader_win.cc(123)] NtOpenThread: {Access Denied} A process has requested access to an object, but has not been granted those access rights. (0xc0000022)
[0414/144049.365:ERROR:exception_snapshot_win.cc(98)] thread ID 29328 not found in process
[0414/144049.365:ERROR:process_reader_win.cc(151)] SuspendThread: Access is denied. (0x5)
[0414/144049.365:ERROR:process_reader_win.cc(151)] SuspendThread: Access is denied. (0x5)
[0414/144049.365:ERROR:process_reader_win.cc(123)] NtOpenThread: {Access Denied} A process has requested access to an object, but has not been granted those access rights. (0xc0000022)
[0414/144049.365:ERROR:exception_snapshot_win.cc(98)] thread ID 28572 not found in process
[0414/144049.365:ERROR:exception_snapshot_win.cc(98)] thread ID 36284 not found in process
[0414/144049.325:ERROR:process_reader_win.cc(151)] SuspendThread: Access is denied. (0x5)
[0414/144049.366:ERROR:process_reader_win.cc(123)] NtOpenThread: {Access Denied} A process has requested access to an object, but has not been granted those access rights. (0xc0000022)
[0414/144049.366:ERROR:exception_snapshot_win.cc(98)] thread ID 26508 not found in process
[0414/144049.315:ERROR:process_reader_win.cc(151)] SuspendThread: Access is denied. (0x5)
[0414/144049.366:ERROR:process_reader_win.cc(151)] SuspendThread: Access is denied. (0x5)
[0414/144049.366:ERROR:process_reader_win.cc(151)] SuspendThread: Access is denied. (0x5)
[0414/144049.366:ERROR:process_reader_win.cc(151)] SuspendThread: Access is denied. (0x5)
[0414/144049.367:ERROR:process_reader_win.cc(123)] NtOpenThread: {Access Denied} A process has requested access to an object, but has not been granted those access rights. (0xc0000022)
[0414/144049.367:ERROR:exception_snapshot_win.cc(98)] thread ID 17328 not found in process
[0414/144049.306:ERROR:process_reader_win.cc(123)] NtOpenThread: {Access Denied} A process has requested access to an object, but has not been granted those access rights. (0xc0000022)
[0414/144049.372:ERROR:exception_snapshot_win.cc(98)] thread ID 30780 not found in process
[0414/144049.363:ERROR:process_reader_win.cc(151)] SuspendThread: Access is denied. (0x5)
[0414/144049.373:ERROR:process_reader_win.cc(123)] NtOpenThread: {Access Denied} A process has requested access to an object, but has not been granted those access rights. (0xc0000022)
[0414/144049.373:ERROR:exception_snapshot_win.cc(98)] thread ID 25644 not found in process
[0414/144049.253:ERROR:process_reader_win.cc(151)] SuspendThread: Access is denied. (0x5)
[0414/144049.373:ERROR:process_reader_win.cc(123)] NtOpenThread: {Access Denied} A process has requested access to an object, but has not been granted those access rights. (0xc0000022)
[0414/144049.373:ERROR:exception_snapshot_win.cc(98)] thread ID 36404 not found in process
[0414/145125.485:ERROR:process_reader_win.cc(123)] NtOpenThread: {Access Denied} A process has requested access to an object, but has not been granted those access rights. (0xc0000022)
[0414/145125.490:ERROR:exception_snapshot_win.cc(98)] thread ID 17084 not found in process
[0414/145125.537:ERROR:process_reader_win.cc(123)] NtOpenThread: {Access Denied} A process has requested access to an object, but has not been granted those access rights. (0xc0000022)
[0414/145125.537:ERROR:exception_snapshot_win.cc(98)] thread ID 29480 not found in process
[0416/005331.560:ERROR:process_reader_win.cc(151)] SuspendThread: Access is denied. (0x5)
[0416/005331.581:ERROR:process_reader_win.cc(123)] NtOpenThread: {Access Denied} A process has requested access to an object, but has not been granted those access rights. (0xc0000022)
[0416/005333.126:ERROR:exception_snapshot_win.cc(98)] thread ID 10904 not found in process
[0416/005333.127:ERROR:process_reader_win.cc(151)] SuspendThread: Access is denied. (0x5)
[0416/005333.127:ERROR:process_reader_win.cc(123)] NtOpenThread: {Access Denied} A process has requested access to an object, but has not been granted those access rights. (0xc0000022)
[0416/005331.594:ERROR:process_reader_win.cc(151)] SuspendThread: Access is denied. (0x5)
[0416/005333.127:ERROR:exception_snapshot_win.cc(98)] thread ID 316 not found in process
[0416/005333.129:ERROR:process_reader_win.cc(151)] SuspendThread: Access is denied. (0x5)
[0416/005333.129:ERROR:process_reader_win.cc(151)] SuspendThread: Access is denied. (0x5)
[0416/005333.136:ERROR:process_reader_win.cc(151)] SuspendThread: Access is denied. (0x5)
[0416/005333.138:ERROR:process_reader_win.cc(151)] SuspendThread: Access is denied. (0x5)
[0416/005333.138:ERROR:process_reader_win.cc(123)] NtOpenThread: {Access Denied} A process has requested access to an object, but has not been granted those access rights. (0xc0000022)
[0416/005333.138:ERROR:exception_snapshot_win.cc(98)] thread ID 11384 not found in process
[0417/011123.160:ERROR:process_reader_win.cc(151)] SuspendThread: Access is denied. (0x5)
[0417/011123.161:ERROR:process_reader_win.cc(151)] SuspendThread: Access is denied. (0x5)
[0417/011123.165:ERROR:process_reader_win.cc(151)] SuspendThread: Access is denied. (0x5)
[0417/011123.165:ERROR:process_reader_win.cc(151)] SuspendThread: Access is denied. (0x5)
[0417/011123.165:ERROR:process_reader_win.cc(123)] NtOpenThread: {Access Denied} A process has requested access to an object, but has not been granted those access rights. (0xc0000022)
[0417/011123.166:ERROR:exception_snapshot_win.cc(98)] thread ID 12816 not found in process
[0417/011123.228:ERROR:process_reader_win.cc(151)] SuspendThread: Access is denied. (0x5)
[0417/011123.242:ERROR:process_reader_win.cc(151)] SuspendThread: Access is denied. (0x5)
[0417/011123.242:ERROR:process_reader_win.cc(151)] SuspendThread: Access is denied. (0x5)
[0417/011123.244:ERROR:process_reader_win.cc(151)] SuspendThread: Access is denied. (0x5)
[0417/011123.244:ERROR:process_reader_win.cc(123)] NtOpenThread: {Access Denied} A process has requested access to an object, but has not been granted those access rights. (0xc0000022)
[0417/011123.244:ERROR:exception_snapshot_win.cc(98)] thread ID 9768 not found in process
[0417/012731.600:ERROR:process_reader_win.cc(123)] NtOpenThread: {Access Denied} A process has requested access to an object, but has not been granted those access rights. (0xc0000022)
[0417/012731.601:ERROR:exception_snapshot_win.cc(98)] thread ID 6700 not found in process
[0417/012731.622:ERROR:process_reader_win.cc(123)] NtOpenThread: {Access Denied} A process has requested access to an object, but has not been granted those access rights. (0xc0000022)
[0417/012731.622:ERROR:exception_snapshot_win.cc(98)] thread ID 892 not found in process
[0421/100924.982:ERROR:process_reader_win.cc(123)] NtOpenThread: {Access Denied} A process has requested access to an object, but has not been granted those access rights. (0xc0000022)
[0421/100924.984:ERROR:exception_snapshot_win.cc(98)] thread ID 21868 not found in process
[0421/100924.991:ERROR:process_reader_win.cc(123)] NtOpenThread: {Access Denied} A process has requested access to an object, but has not been granted those access rights. (0xc0000022)
[0421/100924.992:ERROR:exception_snapshot_win.cc(98)] thread ID 12652 not found in process
